<?xml version="1.0" encoding="UTF-8"?>
<testsuite name="PersonTest" tests="4" skipped="0" failures="0" errors="0" timestamp="2022-10-13T14:43:16" hostname="LAPTOP-6TI2OUNJ" time="0.007">
  <properties/>
  <testcase name="getfirstName()" classname="PersonTest" time="0.001"/>
  <testcase name="setfirstName()" classname="PersonTest" time="0.0"/>
  <testcase name="setlastName()" classname="PersonTest" time="0.001"/>
  <testcase name="getlastName()" classname="PersonTest" time="0.003"/>
  <system-out><![CDATA[]]></system-out>
  <system-err><![CDATA[]]></system-err>
</testsuite>
